<?xml version="1.0" encoding="UTF-8"?>
<testsuite xmlns:xsi="http://www.w3.org/2001/XMLSchema-instance" xsi:noNamespaceSchemaLocation="https://maven.apache.org/surefire/maven-surefire-plugin/xsd/surefire-test-report-3.0.xsd" version="3.0" name="project.goalforge.GoalforgeApplicationTests" time="6.124" tests="1" errors="0" skipped="0" failures="0">
  <properties>
[...]
</properties>
  <testcase name="contextLoads" classname="project.goalforge.GoalforgeApplicationTests" time="0.435">
    <system-out><![CDATA[19:46:25.723 [main] INFO org.springframework.test.context.support.AnnotationConfigContextLoaderUtils -- Could not detect default configuration classes for test class [project.goalforge.GoalforgeApplicationTests]: GoalforgeApplicationTests does not declare any static, non-private, non-final, nested classes annotated with @Configuration.
19:46:25.811 [main] INFO org.springframework.boot.test.context.SpringBootTestContextBootstrapper -- Found @SpringBootConfiguration project.goalforge.GoalforgeApplication for test class project.goalforge.GoalforgeApplicationTests
19:46:25.958 [main] INFO org.springframework.boot.devtools.restart.RestartApplicationListener -- Restart disabled due to context in which it is running

  .   ____          _            __ _ _
 /\\ / ___'_ __ _ _(_)_ __  __ _ \ \ \ \
( ( )\___ | '_ | '_| | '_ \/ _` | \ \ \ \
 \\/  ___)| |_)| | | | | || (_| |  ) ) ) )
  '  |____| .__|_| |_|_| |_\__, | / / / /
 =========|_|==============|___/=/_/_/_/
 :: Spring Boot ::                (v3.2.5)

2024-05-06T19:46:26.153-07:00  INFO 14316 --- [goalforge] [           main] p.goalforge.GoalforgeApplicationTests    : Starting GoalforgeApplicationTests using Java 20.0.1 with PID 14316 (started by alexl in C:\Users\alexl\IdeaProjects\goalforge)
2024-05-06T19:46:26.154-07:00  INFO 14316 --- [goalforge] [           main] p.goalforge.GoalforgeApplicationTests    : No active profile set, falling back to 1 default profile: "default"
2024-05-06T19:46:26.729-07:00  INFO 14316 --- [goalforge] [           main] .s.d.r.c.RepositoryConfigurationDelegate : Multiple Spring Data modules found, entering strict repository configuration mode
2024-05-06T19:46:26.730-07:00  INFO 14316 --- [goalforge] [           main] .s.d.r.c.RepositoryConfigurationDelegate : Bootstrapping Spring Data JDBC repositories in DEFAULT mode.
2024-05-06T19:46:26.755-07:00  INFO 14316 --- [goalforge] [           main] .RepositoryConfigurationExtensionSupport : Spring Data JDBC - Could not safely identify store assignment for repository candidate interface project.goalforge.scope.TaskRepository; If you want this repository to be a JDBC repository, consider annotating your entities with one of these annotations: org.springframework.data.relational.core.mapping.Table.
2024-05-06T19:46:26.757-07:00  INFO 14316 --- [goalforge] [           main] .RepositoryConfigurationExtensionSupport : Spring Data JDBC - Could not safely identify store assignment for repository candidate interface project.goalforge.scope.UserRepository; If you want this repository to be a JDBC repository, consider annotating your entities with one of these annotations: org.springframework.data.relational.core.mapping.Table.
2024-05-06T19:46:26.757-07:00  INFO 14316 --- [goalforge] [           main] .s.d.r.c.RepositoryConfigurationDelegate : Finished Spring Data repository scanning in 24 ms. Found 0 JDBC repository interfaces.
2024-05-06T19:46:26.766-07:00  INFO 14316 --- [goalforge] [           main] .s.d.r.c.RepositoryConfigurationDelegate : Multiple Spring Data modules found, entering strict repository configuration mode
2024-05-06T19:46:26.767-07:00  INFO 14316 --- [goalforge] [           main] .s.d.r.c.RepositoryConfigurationDelegate : Bootstrapping Spring Data JPA repositories in DEFAULT mode.
2024-05-06T19:46:26.791-07:00  INFO 14316 --- [goalforge] [           main] .s.d.r.c.RepositoryConfigurationDelegate : Finished Spring Data repository scanning in 21 ms. Found 2 JPA repository interfaces.
2024-05-06T19:46:27.163-07:00  INFO 14316 --- [goalforge] [           main] o.hibernate.jpa.internal.util.LogHelper  : HHH000204: Processing PersistenceUnitInfo [name: default]
2024-05-06T19:46:27.214-07:00  INFO 14316 --- [goalforge] [           main] org.hibernate.Version                    : HHH000412: Hibernate ORM core version 6.4.4.Final
2024-05-06T19:46:27.245-07:00  INFO 14316 --- [goalforge] [           main] o.h.c.internal.RegionFactoryInitiator    : HHH000026: Second-level cache disabled
2024-05-06T19:46:27.504-07:00  INFO 14316 --- [goalforge] [           main] o.s.o.j.p.SpringPersistenceUnitInfo      : No LoadTimeWeaver setup: ignoring JPA class transformer
2024-05-06T19:46:27.537-07:00  INFO 14316 --- [goalforge] [           main] com.zaxxer.hikari.HikariDataSource       : HikariPool-1 - Starting...
2024-05-06T19:46:28.748-07:00  INFO 14316 --- [goalforge] [           main] com.zaxxer.hikari.pool.HikariPool        : HikariPool-1 - Added connection com.mysql.cj.jdbc.ConnectionImpl@29c59b6e
2024-05-06T19:46:28.750-07:00  INFO 14316 --- [goalforge] [           main] com.zaxxer.hikari.HikariDataSource       : HikariPool-1 - Start completed.
2024-05-06T19:46:28.855-07:00  WARN 14316 --- [goalforge] [           main] org.hibernate.orm.deprecation            : HHH90000025: MySQL8Dialect does not need to be specified explicitly using 'hibernate.dialect' (remove the property setting and it will be selected by default)
2024-05-06T19:46:28.856-07:00  WARN 14316 --- [goalforge] [           main] org.hibernate.orm.deprecation            : HHH90000026: MySQL8Dialect has been deprecated; use org.hibernate.dialect.MySQLDialect instead
2024-05-06T19:46:29.561-07:00  INFO 14316 --- [goalforge] [           main] o.h.e.t.j.p.i.JtaPlatformInitiator       : HHH000489: No JTA platform available (set 'hibernate.transaction.jta.platform' to enable JTA platform integration)
2024-05-06T19:46:29.829-07:00  INFO 14316 --- [goalforge] [           main] j.LocalContainerEntityManagerFactoryBean : Initialized JPA EntityManagerFactory for persistence unit 'default'
2024-05-06T19:46:30.027-07:00  INFO 14316 --- [goalforge] [           main] o.s.d.j.r.query.QueryEnhancerFactory     : JSqlParser is in classpath; If applicable, JSqlParser will be used
2024-05-06T19:46:30.027-07:00  INFO 14316 --- [goalforge] [           main] o.s.d.j.r.query.QueryEnhancerFactory     : Hibernate is in classpath; If applicable, HQL parser will be used.
2024-05-06T19:46:30.654-07:00  WARN 14316 --- [goalforge] [           main] JpaBaseConfiguration$JpaWebConfiguration : spring.jpa.open-in-view is enabled by default. Therefore, database queries may be performed during view rendering. Explicitly configure spring.jpa.open-in-view to disable this warning
2024-05-06T19:46:31.257-07:00  INFO 14316 --- [goalforge] [           main] p.goalforge.GoalforgeApplicationTests    : Started GoalforgeApplicationTests in 5.312 seconds (process running for 6.071)
]]></system-out>
  </testcase>
</testsuite>